2013/05/16 12:19:50 [error] [exception.CException] exception 'CException' with message 'Alias "bootstrap.widgets.TbHeroUnit" is invalid. Make sure it points to an existing directory or file.' in C:\Program Files (x86)\Apache Software Foundation\Apache2.2\htdocs\yii\framework\YiiBase.php:341
Stack trace:
#0 C:\Program Files (x86)\Apache Software Foundation\Apache2.2\htdocs\yii\framework\web\CWidgetFactory.php(146): YiiBase::import('bootstrap.widge...', true)
#1 C:\Program Files (x86)\Apache Software Foundation\Apache2.2\htdocs\yii\framework\web\CBaseController.php(146): CWidgetFactory->createWidget(Object(SiteController), 'bootstrap.widge...', Array)
#2 C:\Program Files (x86)\Apache Software Foundation\Apache2.2\htdocs\yii\framework\web\CBaseController.php(189): CBaseController->createWidget('bootstrap.widge...', Array)
#3 C:\Program Files (x86)\Apache Software Foundation\Apache2.2\htdocs\base\protected\views\site\index.php(9): CBaseController->beginWidget('bootstrap.widge...', Array)
#4 C:\Program Files (x86)\Apache Software Foundation\Apache2.2\htdocs\yii\framework\web\CBaseController.php(126): require('C:\Program File...')
#5 C:\Program Files (x86)\Apache Software Foundation\Apache2.2\htdocs\yii\framework\web\CBaseController.php(95): CBaseController->renderInternal('C:\Program File...', NULL, true)
#6 C:\Program Files (x86)\Apache Software Foundation\Apache2.2\htdocs\yii\framework\web\CController.php(869): CBaseController->renderFile('C:\Program File...', NULL, true)
#7 C:\Program Files (x86)\Apache Software Foundation\Apache2.2\htdocs\yii\framework\web\CController.php(782): CController->renderPartial('index', NULL, true)
#8 C:\Program Files (x86)\Apache Software Foundation\Apache2.2\htdocs\base\protected\controllers\SiteController.php(32): CController->render('index')
#9 C:\Program Files (x86)\Apache Software Foundation\Apache2.2\htdocs\yii\framework\web\actions\CInlineAction.php(49): SiteController->actionIndex()
#10 C:\Program Files (x86)\Apache Software Foundation\Apache2.2\htdocs\yii\framework\web\CController.php(308): CInlineAction->runWithParams(Array)
#11 C:\Program Files (x86)\Apache Software Foundation\Apache2.2\htdocs\yii\framework\web\CController.php(286): CController->runAction(Object(CInlineAction))
#12 C:\Program Files (x86)\Apache Software Foundation\Apache2.2\htdocs\yii\framework\web\CController.php(265): CController->runActionWithFilters(Object(CInlineAction), Array)
#13 C:\Program Files (x86)\Apache Software Foundation\Apache2.2\htdocs\yii\framework\web\CWebApplication.php(282): CController->run('')
#14 C:\Program Files (x86)\Apache Software Foundation\Apache2.2\htdocs\yii\framework\web\CWebApplication.php(141): CWebApplication->runController('')
#15 C:\Program Files (x86)\Apache Software Foundation\Apache2.2\htdocs\yii\framework\base\CApplication.php(169): CWebApplication->processRequest()
#16 C:\Program Files (x86)\Apache Software Foundation\Apache2.2\htdocs\base\index.php(13): CApplication->run()
#17 {main}
REQUEST_URI=/base/
---
2013/05/16 12:26:02 [error] [php] Trying to get property of non-object (C:\Program Files (x86)\Apache Software Foundation\Apache2.2\htdocs\base\protected\views\layouts\main.php:8)
Stack trace:
#0 C:\Program Files (x86)\Apache Software Foundation\Apache2.2\htdocs\yii\framework\web\widgets\CContentDecorator.php(76): SiteController->renderFile()
#1 C:\Program Files (x86)\Apache Software Foundation\Apache2.2\htdocs\yii\framework\web\widgets\CContentDecorator.php(54): CContentDecorator->decorate()
#2 C:\Program Files (x86)\Apache Software Foundation\Apache2.2\htdocs\yii\framework\web\widgets\COutputProcessor.php(44): CContentDecorator->processOutput()
#3 C:\Program Files (x86)\Apache Software Foundation\Apache2.2\htdocs\yii\framework\web\CBaseController.php(206): CContentDecorator->run()
#4 C:\Program Files (x86)\Apache Software Foundation\Apache2.2\htdocs\yii\framework\web\CBaseController.php(300): SiteController->endWidget()
#5 C:\Program Files (x86)\Apache Software Foundation\Apache2.2\htdocs\base\protected\views\layouts\column1.php(6): SiteController->endContent()
#6 C:\Program Files (x86)\Apache Software Foundation\Apache2.2\htdocs\yii\framework\web\CBaseController.php(126): require()
#7 C:\Program Files (x86)\Apache Software Foundation\Apache2.2\htdocs\yii\framework\web\CBaseController.php(95): SiteController->renderInternal()
#8 C:\Program Files (x86)\Apache Software Foundation\Apache2.2\htdocs\yii\framework\web\CController.php(784): SiteController->renderFile()
#9 C:\Program Files (x86)\Apache Software Foundation\Apache2.2\htdocs\base\protected\controllers\SiteController.php(32): SiteController->render()
#10 C:\Program Files (x86)\Apache Software Foundation\Apache2.2\htdocs\yii\framework\web\actions\CInlineAction.php(49): SiteController->actionIndex()
#11 C:\Program Files (x86)\Apache Software Foundation\Apache2.2\htdocs\yii\framework\web\CController.php(308): CInlineAction->runWithParams()
#12 C:\Program Files (x86)\Apache Software Foundation\Apache2.2\htdocs\yii\framework\web\CController.php(286): SiteController->runAction()
#13 C:\Program Files (x86)\Apache Software Foundation\Apache2.2\htdocs\yii\framework\web\CController.php(265): SiteController->runActionWithFilters()
#14 C:\Program Files (x86)\Apache Software Foundation\Apache2.2\htdocs\yii\framework\web\CWebApplication.php(282): SiteController->run()
#15 C:\Program Files (x86)\Apache Software Foundation\Apache2.2\htdocs\yii\framework\web\CWebApplication.php(141): CWebApplication->runController()
#16 C:\Program Files (x86)\Apache Software Foundation\Apache2.2\htdocs\yii\framework\base\CApplication.php(169): CWebApplication->processRequest()
#17 C:\Program Files (x86)\Apache Software Foundation\Apache2.2\htdocs\base\index.php(13): CWebApplication->run()
REQUEST_URI=/base/
in C:\Program Files (x86)\Apache Software Foundation\Apache2.2\htdocs\base\protected\views\layouts\main.php (8)
in C:\Program Files (x86)\Apache Software Foundation\Apache2.2\htdocs\base\protected\views\layouts\column1.php (6)
in C:\Program Files (x86)\Apache Software Foundation\Apache2.2\htdocs\base\protected\controllers\SiteController.php (32)
2013/05/20 09:01:55 [error] [php] date(): It is not safe to rely on the system's timezone settings. You are *required* to use the date.timezone setting or the date_default_timezone_set() function. In case you used any of those methods and you are still getting this warning, you most likely misspelled the timezone identifier. We selected 'America/Chicago' for '-6.0/no DST' instead (C:\webdev\Apache2.2\htdocs\base\protected\views\layouts\main.php:45)
Stack trace:
#0 C:\webdev\Apache2.2\htdocs\yii\framework\web\CBaseController.php(95): SiteController->renderInternal()
#1 C:\webdev\Apache2.2\htdocs\yii\framework\web\widgets\CContentDecorator.php(76): SiteController->renderFile()
#2 C:\webdev\Apache2.2\htdocs\yii\framework\web\widgets\CContentDecorator.php(54): CContentDecorator->decorate()
#3 C:\webdev\Apache2.2\htdocs\yii\framework\web\widgets\COutputProcessor.php(44): CContentDecorator->processOutput()
#4 C:\webdev\Apache2.2\htdocs\yii\framework\web\CBaseController.php(206): CContentDecorator->run()
#5 C:\webdev\Apache2.2\htdocs\yii\framework\web\CBaseController.php(300): SiteController->endWidget()
#6 C:\webdev\Apache2.2\htdocs\base\protected\views\layouts\column1.php(6): SiteController->endContent()
#7 C:\webdev\Apache2.2\htdocs\yii\framework\web\CBaseController.php(126): require()
#8 C:\webdev\Apache2.2\htdocs\yii\framework\web\CBaseController.php(95): SiteController->renderInternal()
#9 C:\webdev\Apache2.2\htdocs\yii\framework\web\CController.php(784): SiteController->renderFile()
#10 C:\webdev\Apache2.2\htdocs\base\protected\controllers\SiteController.php(32): SiteController->render()
#11 C:\webdev\Apache2.2\htdocs\yii\framework\web\actions\CInlineAction.php(49): SiteController->actionIndex()
#12 C:\webdev\Apache2.2\htdocs\yii\framework\web\CController.php(308): CInlineAction->runWithParams()
#13 C:\webdev\Apache2.2\htdocs\yii\framework\web\CController.php(286): SiteController->runAction()
#14 C:\webdev\Apache2.2\htdocs\yii\framework\web\CController.php(265): SiteController->runActionWithFilters()
#15 C:\webdev\Apache2.2\htdocs\yii\framework\web\CWebApplication.php(282): SiteController->run()
#16 C:\webdev\Apache2.2\htdocs\yii\framework\web\CWebApplication.php(141): CWebApplication->runController()
#17 C:\webdev\Apache2.2\htdocs\yii\framework\base\CApplication.php(169): CWebApplication->processRequest()
#18 C:\webdev\Apache2.2\htdocs\base\index.php(13): CWebApplication->run()
REQUEST_URI=/base/
in C:\webdev\Apache2.2\htdocs\base\protected\views\layouts\main.php (45)
in C:\webdev\Apache2.2\htdocs\base\protected\views\layouts\column1.php (6)
in C:\webdev\Apache2.2\htdocs\base\protected\controllers\SiteController.php (32)
2013/06/02 16:15:25 [error] [php] date() [<a href='function.date'>function.date</a>]: It is not safe to rely on the system's timezone settings. You are *required* to use the date.timezone setting or the date_default_timezone_set() function. In case you used any of those methods and you are still getting this warning, you most likely misspelled the timezone identifier. We selected 'America/Chicago' for 'CST/-6.0/no DST' instead (/Users/jorgea/Sites/base/protected/views/layouts/main.php:45)
Stack trace:
#0 /Users/jorgea/Sites/yii/framework/web/CBaseController.php(95): SiteController->renderInternal()
#1 /Users/jorgea/Sites/yii/framework/web/widgets/CContentDecorator.php(76): SiteController->renderFile()
#2 /Users/jorgea/Sites/yii/framework/web/widgets/CContentDecorator.php(54): CContentDecorator->decorate()
#3 /Users/jorgea/Sites/yii/framework/web/widgets/COutputProcessor.php(44): CContentDecorator->processOutput()
#4 /Users/jorgea/Sites/yii/framework/web/CBaseController.php(206): CContentDecorator->run()
#5 /Users/jorgea/Sites/yii/framework/web/CBaseController.php(300): SiteController->endWidget()
#6 /Users/jorgea/Sites/base/protected/views/layouts/column1.php(6): SiteController->endContent()
#7 /Users/jorgea/Sites/yii/framework/web/CBaseController.php(126): require()
#8 /Users/jorgea/Sites/yii/framework/web/CBaseController.php(95): SiteController->renderInternal()
#9 /Users/jorgea/Sites/yii/framework/web/CController.php(784): SiteController->renderFile()
#10 /Users/jorgea/Sites/base/protected/controllers/SiteController.php(32): SiteController->render()
#11 /Users/jorgea/Sites/yii/framework/web/actions/CInlineAction.php(49): SiteController->actionIndex()
#12 /Users/jorgea/Sites/yii/framework/web/CController.php(308): CInlineAction->runWithParams()
#13 /Users/jorgea/Sites/yii/framework/web/CController.php(286): SiteController->runAction()
#14 /Users/jorgea/Sites/yii/framework/web/CController.php(265): SiteController->runActionWithFilters()
#15 /Users/jorgea/Sites/yii/framework/web/CWebApplication.php(282): SiteController->run()
#16 /Users/jorgea/Sites/yii/framework/web/CWebApplication.php(141): CWebApplication->runController()
#17 /Users/jorgea/Sites/yii/framework/base/CApplication.php(169): CWebApplication->processRequest()
#18 /Users/jorgea/Sites/base/index.php(13): CWebApplication->run()
REQUEST_URI=/~jorgea/base/
in /Users/jorgea/Sites/base/protected/views/layouts/main.php (45)
in /Users/jorgea/Sites/base/protected/views/layouts/column1.php (6)
in /Users/jorgea/Sites/base/protected/controllers/SiteController.php (32)
